\BOOKMARK [1][-]{section*.4}{Introduction}{}% 1
\BOOKMARK [1][-]{section*.5}{Related Work}{}% 2
\BOOKMARK [1][-]{section*.6}{Exploring Paper}{}% 3
\BOOKMARK [2][-]{section*.7}{Brainstorming Design Iterations}{section*.6}% 4
\BOOKMARK [3][-]{section*.8}{The Subtraction Band}{section*.7}% 5
\BOOKMARK [3][-]{section*.9}{The Addition By Matching Tool}{section*.7}% 6
\BOOKMARK [3][-]{section*.10}{Averages Tool}{section*.7}% 7
\BOOKMARK [2][-]{section*.11}{In the Field Design Iterations}{section*.6}% 8
\BOOKMARK [3][-]{section*.12}{Susu Tracker}{section*.11}% 9
\BOOKMARK [3][-]{section*.13}{Graph Reader}{section*.11}% 10
\BOOKMARK [3][-]{section*.14}{Flowchart Booklet}{section*.11}% 11
\BOOKMARK [2][-]{section*.15}{Paper's Limitations}{section*.6}% 12
\BOOKMARK [1][-]{section*.16}{Papyr System Description}{}% 13
\BOOKMARK [2][-]{section*.17}{Progress Tracking}{section*.16}% 14
\BOOKMARK [2][-]{section*.18}{Information Lookup}{section*.16}% 15
\BOOKMARK [2][-]{section*.19}{Decision making}{section*.16}% 16
\BOOKMARK [1][-]{section*.20}{Discussion}{}% 17
\BOOKMARK [1][-]{section*.21}{Conclusions and Future Work}{}% 18
\BOOKMARK [1][-]{section*.22}{Acknowledgements}{}% 19
\BOOKMARK [1][-]{section*.23}{REFERENCES }{}% 20
